<?xml version="1.0" encoding="UTF-8"?>
<!-- Generated by org.testng.reporters.JUnitReportReporter -->
<testsuite hostname="LAPTOP-K0J8AMF0" name="qaclickacademy.com.restapiTest" tests="2" failures="0" timestamp="24 Jun 2019 07:52:13 GMT" time="0.000" errors="0">
  <testcase name="restapitwo" time="0.000" classname="qaclickacademy.com.restapiTest"/>
  <testcase name="restapione" time="0.000" classname="qaclickacademy.com.restapiTest"/>
</testsuite> <!-- qaclickacademy.com.restapiTest -->
