<?xml version="1.0" encoding="UTF-8"?>
<!-- Generated by org.testng.reporters.JUnitReportReporter -->
<testsuite hostname="LAPTOP-K0J8AMF0" name="qaclickacademy.com.seleniumTest" tests="2" failures="0" timestamp="24 Jun 2019 07:52:13 GMT" time="0.000" errors="0">
  <testcase name="seltwo" time="0.000" classname="qaclickacademy.com.seleniumTest"/>
  <testcase name="seltest" time="0.000" classname="qaclickacademy.com.seleniumTest"/>
</testsuite> <!-- qaclickacademy.com.seleniumTest -->
