<?xml version="1.0" encoding="UTF-8"?>
<!-- Generated by org.testng.reporters.JUnitReportReporter -->
<testsuite hostname="LAPTOP-K0J8AMF0" name="qaclickacademy.com.appiumTest" tests="2" failures="0" timestamp="24 Jun 2019 07:52:13 GMT" time="0.015" errors="0">
  <testcase name="apitwo" time="0.000" classname="qaclickacademy.com.appiumTest"/>
  <testcase name="apione" time="0.015" classname="qaclickacademy.com.appiumTest"/>
</testsuite> <!-- qaclickacademy.com.appiumTest -->
